<?xml version="1.0" encoding="UTF-8"?>
<!-- Generated by org.testng.reporters.JUnitXMLReporter -->
<testsuite hostname="INW-381" name="Default test" tests="2" failures="0" timestamp="14 Sep 2020 13:43:15 GMT" time="0.033" errors="0">
  <testcase name="signin" time="0.0" classname="com.ShopDemoQA.Tests.ShopDemoQA_SignIn">
    <skipped/>
  </testcase> <!-- signin -->
  <testcase name="Registration" time="0.0" classname="com.ShopDemoQA.Tests.ShopDemoQA_Registration">
    <skipped/>
  </testcase> <!-- Registration -->
</testsuite> <!-- Default test -->
