<?xml version="1.0" encoding="UTF-8"?>
<!-- Generated by org.testng.reporters.JUnitXMLReporter -->
<testsuite hostname="INW-381" name="ShopDemoQA.Tests" tests="2" failures="1" timestamp="21 Jul 2020 13:15:33 GMT" time="0.036" errors="0">
  <testcase name="signin" time="0.0" classname="com.ShopDemoQA.Tests.ShopDemoQA_SignIn">
    <skipped/>
  </testcase> <!-- signin -->
  <testcase name="Registration" time="0.007" classname="com.ShopDemoQA.Tests.ShopDemoQA_Registration">
    <failure type="java.lang.Error" message="Unresolved compilation problem: 
	The method StartChrome(WebDriver) is undefined for the type InitateBrowser
">
      <![CDATA[java.lang.Error: Unresolved compilation problem: 
	The method StartChrome(WebDriver) is undefined for the type InitateBrowser

	at com.ShopDemoQA.Tests.ShopDemoQA_Registration.Registration(ShopDemoQA_Registration.java:30)
... Removed 25 stack frames]]>
    </failure>
  </testcase> <!-- Registration -->
</testsuite> <!-- ShopDemoQA.Tests -->
