<?xml version="1.0" encoding="UTF-8"?>
<testng-results skipped="0" failed="0" total="1" passed="1">
  <reporter-output>
  </reporter-output>
  <suite name="Suite" duration-ms="18059" started-at="2020-08-25T07:58:45Z" finished-at="2020-08-25T07:59:03Z">
    <groups>
    </groups>
    <test name="Test" duration-ms="18059" started-at="2020-08-25T07:58:45Z" finished-at="2020-08-25T07:59:03Z">
      <class name="com.ShopDemoQA.Tests.ShopDemoQA_Registration">
        <test-method status="PASS" signature="Registration(java.lang.String, java.lang.String)[pri:0, instance:com.ShopDemoQA.Tests.ShopDemoQA_Registration@47c62251]" name="Registration" duration-ms="18035" started-at="2020-08-25T13:28:45Z" finished-at="2020-08-25T13:29:03Z">
          <params>
            <param index="0">
              <value>
                <![CDATA[ff]]>
              </value>
            </param>
            <param index="1">
              <value>
                <![CDATA[http://shop.demoqa.com/]]>
              </value>
            </param>
          </params>
          <reporter-output>
          </reporter-output>
        </test-method> <!-- Registration -->
      </class> <!-- com.ShopDemoQA.Tests.ShopDemoQA_Registration -->
    </test> <!-- Test -->
  </suite> <!-- Suite -->
</testng-results>
